[0.318s] Invoking command in '/home/admin-jfinke/MA_Wayne_Martis/ros2_ws/src/depth_estimation_ros/build/depth_estimation_ros': CONDA_PROMPT_MODIFIER=(mde) PYTHONPATH=/home/admin-jfinke/MA_Wayne_Martis/ros2_ws/src/depth_estimation_ros/build/depth_estimation_ros/prefix_override:/usr/lib/python3/dist-packages/colcon_core/task/python/colcon_distutils_commands:/home/admin-jfinke/MA_Wayne_Martis/ros2_ws/src/depth_estimation_ros/install/depth_estimation_ros/lib/python3.10/site-packages:${PYTHONPATH} /usr/bin/python3 -W ignore:setup.py install is deprecated -W ignore:easy_install command is deprecated setup.py develop --editable --build-directory /home/admin-jfinke/MA_Wayne_Martis/ros2_ws/src/depth_estimation_ros/build/depth_estimation_ros/build --no-deps symlink_data
[0.448s] running develop
[0.531s] running egg_info
[0.531s] creating depth_estimation_ros.egg-info
[0.531s] writing depth_estimation_ros.egg-info/PKG-INFO
[0.531s] writing dependency_links to depth_estimation_ros.egg-info/dependency_links.txt
[0.531s] writing entry points to depth_estimation_ros.egg-info/entry_points.txt
[0.531s] writing requirements to depth_estimation_ros.egg-info/requires.txt
[0.531s] writing top-level names to depth_estimation_ros.egg-info/top_level.txt
[0.531s] writing manifest file 'depth_estimation_ros.egg-info/SOURCES.txt'
[0.532s] reading manifest file 'depth_estimation_ros.egg-info/SOURCES.txt'
[0.532s] writing manifest file 'depth_estimation_ros.egg-info/SOURCES.txt'
[0.533s] running build_ext
[0.533s] Creating /home/admin-jfinke/MA_Wayne_Martis/ros2_ws/src/depth_estimation_ros/install/depth_estimation_ros/lib/python3.10/site-packages/depth-estimation-ros.egg-link (link to .)
[0.533s] Installing depth_anything_v2_node script to /home/admin-jfinke/MA_Wayne_Martis/ros2_ws/src/depth_estimation_ros/install/depth_estimation_ros/lib/depth_estimation_ros
[0.534s] Installing depth_estimation_onnx_multi_node script to /home/admin-jfinke/MA_Wayne_Martis/ros2_ws/src/depth_estimation_ros/install/depth_estimation_ros/lib/depth_estimation_ros
[0.534s] Installing depth_estimation_onnx_node script to /home/admin-jfinke/MA_Wayne_Martis/ros2_ws/src/depth_estimation_ros/install/depth_estimation_ros/lib/depth_estimation_ros
[0.534s] 
[0.534s] Installed /home/admin-jfinke/MA_Wayne_Martis/ros2_ws/src/depth_estimation_ros/build/depth_estimation_ros
[0.534s] running symlink_data
[0.534s] creating /home/admin-jfinke/MA_Wayne_Martis/ros2_ws/src/depth_estimation_ros/install/depth_estimation_ros/share/ament_index
[0.534s] creating /home/admin-jfinke/MA_Wayne_Martis/ros2_ws/src/depth_estimation_ros/install/depth_estimation_ros/share/ament_index/resource_index
[0.534s] creating /home/admin-jfinke/MA_Wayne_Martis/ros2_ws/src/depth_estimation_ros/install/depth_estimation_ros/share/ament_index/resource_index/packages
[0.534s] symbolically linking /home/admin-jfinke/MA_Wayne_Martis/ros2_ws/src/depth_estimation_ros/build/depth_estimation_ros/resource/depth_estimation_ros -> /home/admin-jfinke/MA_Wayne_Martis/ros2_ws/src/depth_estimation_ros/install/depth_estimation_ros/share/ament_index/resource_index/packages
[0.534s] symbolically linking /home/admin-jfinke/MA_Wayne_Martis/ros2_ws/src/depth_estimation_ros/build/depth_estimation_ros/package.xml -> /home/admin-jfinke/MA_Wayne_Martis/ros2_ws/src/depth_estimation_ros/install/depth_estimation_ros/share/depth_estimation_ros
[0.548s] Invoked command in '/home/admin-jfinke/MA_Wayne_Martis/ros2_ws/src/depth_estimation_ros/build/depth_estimation_ros' returned '0': CONDA_PROMPT_MODIFIER=(mde) PYTHONPATH=/home/admin-jfinke/MA_Wayne_Martis/ros2_ws/src/depth_estimation_ros/build/depth_estimation_ros/prefix_override:/usr/lib/python3/dist-packages/colcon_core/task/python/colcon_distutils_commands:/home/admin-jfinke/MA_Wayne_Martis/ros2_ws/src/depth_estimation_ros/install/depth_estimation_ros/lib/python3.10/site-packages:${PYTHONPATH} /usr/bin/python3 -W ignore:setup.py install is deprecated -W ignore:easy_install command is deprecated setup.py develop --editable --build-directory /home/admin-jfinke/MA_Wayne_Martis/ros2_ws/src/depth_estimation_ros/build/depth_estimation_ros/build --no-deps symlink_data
