[0.054s] [34mcolcon[0m [1;30mDEBUG[0m [32mCommand line arguments: ['/usr/bin/colcon', 'build', '--symlink-install'][0m
[0.054s] [34mcolcon[0m [1;30mDEBUG[0m [32mParsed command line arguments: Namespace(log_base=None, log_level=None, verb_name='build', build_base='build', install_base='install', merge_install=False, symlink_install=True, test_result_base=None, continue_on_error=False, executor='parallel', parallel_workers=32, event_handlers=None, ignore_user_meta=False, metas=['./colcon.meta'], base_paths=['.'], packages_ignore=None, packages_ignore_regex=None, paths=None, packages_up_to=None, packages_up_to_regex=None, packages_above=None, packages_above_and_dependencies=None, packages_above_depth=None, packages_select_by_dep=None, packages_skip_by_dep=None, packages_skip_up_to=None, packages_select_build_failed=False, packages_skip_build_finished=False, packages_select_test_failures=False, packages_skip_test_passed=False, packages_select=None, packages_skip=None, packages_select_regex=None, packages_skip_regex=None, packages_start=None, packages_end=None, allow_overriding=[], cmake_args=None, cmake_target=None, cmake_target_skip_unavailable=False, cmake_clean_cache=False, cmake_clean_first=False, cmake_force_configure=False, ament_cmake_args=None, catkin_cmake_args=None, catkin_skip_building_tests=False, mixin_files=None, mixin=None, verb_parser=<colcon_mixin.mixin.mixin_argument.MixinArgumentDecorator object at 0x71d4b59459f0>, verb_extension=<colcon_core.verb.build.BuildVerb object at 0x71d4b5acf3d0>, main=<bound method BuildVerb.main of <colcon_core.verb.build.BuildVerb object at 0x71d4b5acf3d0>>, mixin_verb=('build',))[0m
[0.135s] [34mcolcon.colcon_core.package_discovery[0m [1;30mLevel 1[0m discover_packages(colcon_meta) check parameters
[0.135s] [34mcolcon.colcon_core.package_discovery[0m [1;30mLevel 1[0m discover_packages(recursive) check parameters
[0.135s] [34mcolcon.colcon_core.package_discovery[0m [1;30mLevel 1[0m discover_packages(ignore) check parameters
[0.135s] [34mcolcon.colcon_core.package_discovery[0m [1;30mLevel 1[0m discover_packages(path) check parameters
[0.135s] [34mcolcon.colcon_core.package_discovery[0m [1;30mLevel 1[0m discover_packages(colcon_meta) discover
[0.135s] [34mcolcon.colcon_core.package_discovery[0m [1;30mLevel 1[0m discover_packages(recursive) discover
[0.135s] [34mcolcon.colcon_core.package_discovery[0m [1;30mINFO[0m Crawling recursively for packages in '/home/admin-jfinke/MA_Wayne_Martis/ros2_ws/src/depth_estimation_ros'
[0.135s] [34mcolcon.colcon_core.package_identification[0m [1;30mLevel 1[0m _identify(.) by extensions ['ignore', 'ignore_ament_install']
[0.135s] [34mcolcon.colcon_core.package_identification[0m [1;30mLevel 1[0m _identify(.) by extension 'ignore'
[0.135s] [34mcolcon.colcon_core.package_identification[0m [1;30mLevel 1[0m _identify(.) by extension 'ignore_ament_install'
[0.135s] [34mcolcon.colcon_core.package_identification[0m [1;30mLevel 1[0m _identify(.) by extensions ['colcon_pkg']
[0.135s] [34mcolcon.colcon_core.package_identification[0m [1;30mLevel 1[0m _identify(.) by extension 'colcon_pkg'
[0.135s] [34mcolcon.colcon_core.package_identification[0m [1;30mLevel 1[0m _identify(.) by extensions ['colcon_meta']
[0.135s] [34mcolcon.colcon_core.package_identification[0m [1;30mLevel 1[0m _identify(.) by extension 'colcon_meta'
[0.135s] [34mcolcon.colcon_core.package_identification[0m [1;30mLevel 1[0m _identify(.) by extensions ['ros']
[0.135s] [34mcolcon.colcon_core.package_identification[0m [1;30mLevel 1[0m _identify(.) by extension 'ros'
[0.146s] [34mcolcon.colcon_core.package_identification[0m [1;30mDEBUG[0m [32mPackage '.' with type 'ros.ament_python' and name 'depth_estimation_ros'[0m
[0.146s] [34mcolcon.colcon_core.package_discovery[0m [1;30mLevel 1[0m discover_packages(recursive) using defaults
[0.146s] [34mcolcon.colcon_core.package_discovery[0m [1;30mLevel 1[0m discover_packages(ignore) discover
[0.146s] [34mcolcon.colcon_core.package_discovery[0m [1;30mLevel 1[0m discover_packages(ignore) using defaults
[0.146s] [34mcolcon.colcon_core.package_discovery[0m [1;30mLevel 1[0m discover_packages(path) discover
[0.146s] [34mcolcon.colcon_core.package_discovery[0m [1;30mLevel 1[0m discover_packages(path) using defaults
[0.153s] [34mcolcon.colcon_core.package_discovery[0m [1;30mLevel 1[0m discover_packages(prefix_path) check parameters
[0.153s] [34mcolcon.colcon_core.package_discovery[0m [1;30mLevel 1[0m discover_packages(prefix_path) discover
[0.154s] [34mcolcon.colcon_installed_package_information.package_discovery[0m [1;30mDEBUG[0m [32mFound 280 installed packages in /opt/ros/humble[0m
[0.155s] [34mcolcon.colcon_core.package_discovery[0m [1;30mLevel 1[0m discover_packages(prefix_path) using defaults
[0.170s] [34mcolcon.colcon_core.verb[0m [1;30mLevel 5[0m set package 'depth_estimation_ros' build argument 'cmake_args' from command line to 'None'
[0.170s] [34mcolcon.colcon_core.verb[0m [1;30mLevel 5[0m set package 'depth_estimation_ros' build argument 'cmake_target' from command line to 'None'
[0.170s] [34mcolcon.colcon_core.verb[0m [1;30mLevel 5[0m set package 'depth_estimation_ros' build argument 'cmake_target_skip_unavailable' from command line to 'False'
[0.170s] [34mcolcon.colcon_core.verb[0m [1;30mLevel 5[0m set package 'depth_estimation_ros' build argument 'cmake_clean_cache' from command line to 'False'
[0.170s] [34mcolcon.colcon_core.verb[0m [1;30mLevel 5[0m set package 'depth_estimation_ros' build argument 'cmake_clean_first' from command line to 'False'
[0.170s] [34mcolcon.colcon_core.verb[0m [1;30mLevel 5[0m set package 'depth_estimation_ros' build argument 'cmake_force_configure' from command line to 'False'
[0.170s] [34mcolcon.colcon_core.verb[0m [1;30mLevel 5[0m set package 'depth_estimation_ros' build argument 'ament_cmake_args' from command line to 'None'
[0.170s] [34mcolcon.colcon_core.verb[0m [1;30mLevel 5[0m set package 'depth_estimation_ros' build argument 'catkin_cmake_args' from command line to 'None'
[0.170s] [34mcolcon.colcon_core.verb[0m [1;30mLevel 5[0m set package 'depth_estimation_ros' build argument 'catkin_skip_building_tests' from command line to 'False'
[0.170s] [34mcolcon.colcon_core.verb[0m [1;30mDEBUG[0m [32mBuilding package 'depth_estimation_ros' with the following arguments: {'ament_cmake_args': None, 'build_base': '/home/admin-jfinke/MA_Wayne_Martis/ros2_ws/src/depth_estimation_ros/build/depth_estimation_ros', 'catkin_cmake_args': None, 'catkin_skip_building_tests': False, 'cmake_args': None, 'cmake_clean_cache': False, 'cmake_clean_first': False, 'cmake_force_configure': False, 'cmake_target': None, 'cmake_target_skip_unavailable': False, 'install_base': '/home/admin-jfinke/MA_Wayne_Martis/ros2_ws/src/depth_estimation_ros/install/depth_estimation_ros', 'merge_install': False, 'path': '/home/admin-jfinke/MA_Wayne_Martis/ros2_ws/src/depth_estimation_ros', 'symlink_install': True, 'test_result_base': None}[0m
[0.170s] [34mcolcon.colcon_core.executor[0m [1;30mINFO[0m Executing jobs using 'parallel' executor
[0.171s] [34mcolcon.colcon_parallel_executor.executor.parallel[0m [1;30mDEBUG[0m [32mrun_until_complete[0m
[0.171s] [34mcolcon.colcon_ros.task.ament_python.build[0m [1;30mINFO[0m Building ROS package in '/home/admin-jfinke/MA_Wayne_Martis/ros2_ws/src/depth_estimation_ros' with build type 'ament_python'
[0.171s] [34mcolcon.colcon_core.shell[0m [1;30mLevel 1[0m create_environment_hook('depth_estimation_ros', 'ament_prefix_path')
[0.172s] [34mcolcon.colcon_core.plugin_system[0m [1;30mINFO[0m Skipping extension 'colcon_core.shell.bat': Not used on non-Windows systems
[0.172s] [34mcolcon.colcon_core.shell[0m [1;30mINFO[0m Creating environment hook '/home/admin-jfinke/MA_Wayne_Martis/ros2_ws/src/depth_estimation_ros/install/depth_estimation_ros/share/depth_estimation_ros/hook/ament_prefix_path.ps1'
[0.173s] [34mcolcon.colcon_core.shell[0m [1;30mINFO[0m Creating environment descriptor '/home/admin-jfinke/MA_Wayne_Martis/ros2_ws/src/depth_estimation_ros/install/depth_estimation_ros/share/depth_estimation_ros/hook/ament_prefix_path.dsv'
[0.173s] [34mcolcon.colcon_core.shell[0m [1;30mINFO[0m Creating environment hook '/home/admin-jfinke/MA_Wayne_Martis/ros2_ws/src/depth_estimation_ros/install/depth_estimation_ros/share/depth_estimation_ros/hook/ament_prefix_path.sh'
[0.173s] [34mcolcon.colcon_core.shell[0m [1;30mINFO[0m Skip shell extension 'powershell' for command environment: Not usable outside of PowerShell
[0.173s] [34mcolcon.colcon_core.shell[0m [1;30mDEBUG[0m [32mSkip shell extension 'dsv' for command environment[0m
[0.308s] [34mcolcon.colcon_core.task.python.build[0m [1;30mINFO[0m Building Python package in '/home/admin-jfinke/MA_Wayne_Martis/ros2_ws/src/depth_estimation_ros'
[0.308s] [34mcolcon.colcon_core.shell[0m [1;30mINFO[0m Skip shell extension 'powershell' for command environment: Not usable outside of PowerShell
[0.308s] [34mcolcon.colcon_core.shell[0m [1;30mDEBUG[0m [32mSkip shell extension 'dsv' for command environment[0m
[0.489s] [34mcolcon.colcon_core.event_handler.log_command[0m [1;30mDEBUG[0m [32mInvoking command in '/home/admin-jfinke/MA_Wayne_Martis/ros2_ws/src/depth_estimation_ros/build/depth_estimation_ros': CONDA_PROMPT_MODIFIER=(mde) PYTHONPATH=/home/admin-jfinke/MA_Wayne_Martis/ros2_ws/src/depth_estimation_ros/build/depth_estimation_ros/prefix_override:/usr/lib/python3/dist-packages/colcon_core/task/python/colcon_distutils_commands:/home/admin-jfinke/MA_Wayne_Martis/ros2_ws/src/depth_estimation_ros/install/depth_estimation_ros/lib/python3.10/site-packages:${PYTHONPATH} /usr/bin/python3 -W ignore:setup.py install is deprecated -W ignore:easy_install command is deprecated setup.py develop --editable --build-directory /home/admin-jfinke/MA_Wayne_Martis/ros2_ws/src/depth_estimation_ros/build/depth_estimation_ros/build --no-deps symlink_data[0m
[0.719s] [34mcolcon.colcon_core.shell[0m [1;30mLevel 1[0m create_environment_hook('depth_estimation_ros', 'pythonpath_develop')
[0.719s] [34mcolcon.colcon_core.shell[0m [1;30mINFO[0m Creating environment hook '/home/admin-jfinke/MA_Wayne_Martis/ros2_ws/src/depth_estimation_ros/build/depth_estimation_ros/share/depth_estimation_ros/hook/pythonpath_develop.ps1'
[0.719s] [34mcolcon.colcon_core.event_handler.log_command[0m [1;30mDEBUG[0m [32mInvoked command in '/home/admin-jfinke/MA_Wayne_Martis/ros2_ws/src/depth_estimation_ros/build/depth_estimation_ros' returned '0': CONDA_PROMPT_MODIFIER=(mde) PYTHONPATH=/home/admin-jfinke/MA_Wayne_Martis/ros2_ws/src/depth_estimation_ros/build/depth_estimation_ros/prefix_override:/usr/lib/python3/dist-packages/colcon_core/task/python/colcon_distutils_commands:/home/admin-jfinke/MA_Wayne_Martis/ros2_ws/src/depth_estimation_ros/install/depth_estimation_ros/lib/python3.10/site-packages:${PYTHONPATH} /usr/bin/python3 -W ignore:setup.py install is deprecated -W ignore:easy_install command is deprecated setup.py develop --editable --build-directory /home/admin-jfinke/MA_Wayne_Martis/ros2_ws/src/depth_estimation_ros/build/depth_estimation_ros/build --no-deps symlink_data[0m
[0.720s] [34mcolcon.colcon_core.shell[0m [1;30mINFO[0m Creating environment descriptor '/home/admin-jfinke/MA_Wayne_Martis/ros2_ws/src/depth_estimation_ros/build/depth_estimation_ros/share/depth_estimation_ros/hook/pythonpath_develop.dsv'
[0.720s] [34mcolcon.colcon_core.shell[0m [1;30mINFO[0m Creating environment hook '/home/admin-jfinke/MA_Wayne_Martis/ros2_ws/src/depth_estimation_ros/build/depth_estimation_ros/share/depth_estimation_ros/hook/pythonpath_develop.sh'
[0.721s] [34mcolcon.colcon_core.environment[0m [1;30mLevel 1[0m checking '/home/admin-jfinke/MA_Wayne_Martis/ros2_ws/src/depth_estimation_ros/install/depth_estimation_ros' for CMake module files
[0.721s] [34mcolcon.colcon_core.environment[0m [1;30mLevel 1[0m checking '/home/admin-jfinke/MA_Wayne_Martis/ros2_ws/src/depth_estimation_ros/install/depth_estimation_ros' for CMake config files
[0.721s] [34mcolcon.colcon_core.environment[0m [1;30mLevel 1[0m checking '/home/admin-jfinke/MA_Wayne_Martis/ros2_ws/src/depth_estimation_ros/install/depth_estimation_ros/lib'
[0.722s] [34mcolcon.colcon_core.environment[0m [1;30mLevel 1[0m checking '/home/admin-jfinke/MA_Wayne_Martis/ros2_ws/src/depth_estimation_ros/install/depth_estimation_ros/bin'
[0.722s] [34mcolcon.colcon_core.environment[0m [1;30mLevel 1[0m checking '/home/admin-jfinke/MA_Wayne_Martis/ros2_ws/src/depth_estimation_ros/install/depth_estimation_ros/lib/pkgconfig/depth_estimation_ros.pc'
[0.722s] [34mcolcon.colcon_core.environment[0m [1;30mLevel 1[0m checking '/home/admin-jfinke/MA_Wayne_Martis/ros2_ws/src/depth_estimation_ros/install/depth_estimation_ros/lib/python3.10/site-packages'
[0.722s] [34mcolcon.colcon_core.shell[0m [1;30mLevel 1[0m create_environment_hook('depth_estimation_ros', 'pythonpath')
[0.722s] [34mcolcon.colcon_core.shell[0m [1;30mINFO[0m Creating environment hook '/home/admin-jfinke/MA_Wayne_Martis/ros2_ws/src/depth_estimation_ros/install/depth_estimation_ros/share/depth_estimation_ros/hook/pythonpath.ps1'
[0.722s] [34mcolcon.colcon_core.shell[0m [1;30mINFO[0m Creating environment descriptor '/home/admin-jfinke/MA_Wayne_Martis/ros2_ws/src/depth_estimation_ros/install/depth_estimation_ros/share/depth_estimation_ros/hook/pythonpath.dsv'
[0.722s] [34mcolcon.colcon_core.shell[0m [1;30mINFO[0m Creating environment hook '/home/admin-jfinke/MA_Wayne_Martis/ros2_ws/src/depth_estimation_ros/install/depth_estimation_ros/share/depth_estimation_ros/hook/pythonpath.sh'
[0.722s] [34mcolcon.colcon_core.environment[0m [1;30mLevel 1[0m checking '/home/admin-jfinke/MA_Wayne_Martis/ros2_ws/src/depth_estimation_ros/install/depth_estimation_ros/bin'
[0.722s] [34mcolcon.colcon_core.environment[0m [1;30mLevel 1[0m create_environment_scripts_only(depth_estimation_ros)
[0.722s] [34mcolcon.colcon_core.shell[0m [1;30mINFO[0m Creating package script '/home/admin-jfinke/MA_Wayne_Martis/ros2_ws/src/depth_estimation_ros/install/depth_estimation_ros/share/depth_estimation_ros/package.ps1'
[0.723s] [34mcolcon.colcon_core.shell[0m [1;30mINFO[0m Creating package descriptor '/home/admin-jfinke/MA_Wayne_Martis/ros2_ws/src/depth_estimation_ros/install/depth_estimation_ros/share/depth_estimation_ros/package.dsv'
[0.723s] [34mcolcon.colcon_core.shell[0m [1;30mINFO[0m Creating package script '/home/admin-jfinke/MA_Wayne_Martis/ros2_ws/src/depth_estimation_ros/install/depth_estimation_ros/share/depth_estimation_ros/package.sh'
[0.723s] [34mcolcon.colcon_core.shell[0m [1;30mINFO[0m Creating package script '/home/admin-jfinke/MA_Wayne_Martis/ros2_ws/src/depth_estimation_ros/install/depth_estimation_ros/share/depth_estimation_ros/package.bash'
[0.724s] [34mcolcon.colcon_core.shell[0m [1;30mINFO[0m Creating package script '/home/admin-jfinke/MA_Wayne_Martis/ros2_ws/src/depth_estimation_ros/install/depth_estimation_ros/share/depth_estimation_ros/package.zsh'
[0.724s] [34mcolcon.colcon_core.environment[0m [1;30mLevel 1[0m create_file_with_runtime_dependencies(/home/admin-jfinke/MA_Wayne_Martis/ros2_ws/src/depth_estimation_ros/install/depth_estimation_ros/share/colcon-core/packages/depth_estimation_ros)
[0.724s] [34mcolcon.colcon_parallel_executor.executor.parallel[0m [1;30mDEBUG[0m [32mclosing loop[0m
[0.724s] [34mcolcon.colcon_parallel_executor.executor.parallel[0m [1;30mDEBUG[0m [32mloop closed[0m
[0.724s] [34mcolcon.colcon_parallel_executor.executor.parallel[0m [1;30mDEBUG[0m [32mrun_until_complete finished with '0'[0m
[0.724s] [34mcolcon.colcon_core.event_reactor[0m [1;30mDEBUG[0m [32mjoining thread[0m
[0.727s] [34mcolcon.colcon_core.plugin_system[0m [1;30mINFO[0m Skipping extension 'colcon_notification.desktop_notification.terminal_notifier': Not used on non-Darwin systems
[0.727s] [34mcolcon.colcon_core.plugin_system[0m [1;30mINFO[0m Skipping extension 'colcon_notification.desktop_notification.win32': Not used on non-Windows systems
[0.727s] [34mcolcon.colcon_notification.desktop_notification[0m [1;30mINFO[0m Sending desktop notification using 'notify2'
[0.734s] [34mcolcon.colcon_core.event_reactor[0m [1;30mDEBUG[0m [32mjoined thread[0m
[0.735s] [34mcolcon.colcon_core.shell[0m [1;30mINFO[0m Creating prefix script '/home/admin-jfinke/MA_Wayne_Martis/ros2_ws/src/depth_estimation_ros/install/local_setup.ps1'
[0.735s] [34mcolcon.colcon_core.shell[0m [1;30mINFO[0m Creating prefix util module '/home/admin-jfinke/MA_Wayne_Martis/ros2_ws/src/depth_estimation_ros/install/_local_setup_util_ps1.py'
[0.736s] [34mcolcon.colcon_core.shell[0m [1;30mINFO[0m Creating prefix chain script '/home/admin-jfinke/MA_Wayne_Martis/ros2_ws/src/depth_estimation_ros/install/setup.ps1'
[0.736s] [34mcolcon.colcon_core.shell[0m [1;30mINFO[0m Creating prefix script '/home/admin-jfinke/MA_Wayne_Martis/ros2_ws/src/depth_estimation_ros/install/local_setup.sh'
[0.736s] [34mcolcon.colcon_core.shell[0m [1;30mINFO[0m Creating prefix util module '/home/admin-jfinke/MA_Wayne_Martis/ros2_ws/src/depth_estimation_ros/install/_local_setup_util_sh.py'
[0.737s] [34mcolcon.colcon_core.shell[0m [1;30mINFO[0m Creating prefix chain script '/home/admin-jfinke/MA_Wayne_Martis/ros2_ws/src/depth_estimation_ros/install/setup.sh'
[0.737s] [34mcolcon.colcon_core.shell[0m [1;30mINFO[0m Creating prefix script '/home/admin-jfinke/MA_Wayne_Martis/ros2_ws/src/depth_estimation_ros/install/local_setup.bash'
[0.737s] [34mcolcon.colcon_core.shell[0m [1;30mINFO[0m Creating prefix chain script '/home/admin-jfinke/MA_Wayne_Martis/ros2_ws/src/depth_estimation_ros/install/setup.bash'
[0.738s] [34mcolcon.colcon_core.shell[0m [1;30mINFO[0m Creating prefix script '/home/admin-jfinke/MA_Wayne_Martis/ros2_ws/src/depth_estimation_ros/install/local_setup.zsh'
[0.738s] [34mcolcon.colcon_core.shell[0m [1;30mINFO[0m Creating prefix chain script '/home/admin-jfinke/MA_Wayne_Martis/ros2_ws/src/depth_estimation_ros/install/setup.zsh'
